<?xml version="1.0" encoding="UTF-8"?>
<!-- Generated by org.testng.reporters.JUnitReportReporter -->
<testsuite skipped="0" hostname="Amrinder" name="apiDemo.basicsLect17TestNG" tests="1" failures="0" timestamp="15 Jul 2019 09:35:52 GMT" time="4.422" errors="0">
  <testcase name="Test" time="4.422" classname="apiDemo.basicsLect17TestNG"/>
</testsuite> <!-- apiDemo.basicsLect17TestNG -->
